Using pre-set license
Built from '2020.3/staging' branch; Version is '2020.3.11f1 (99c7afb366b3) revision 10078127'; Using compiler version '192528614'; Build Type 'Release'
OS: 'Windows 10 Home Single Language; OS build 19041.985; Version 2004; 64bit' Language: 'en' Physical Memory: 8073 MB
BatchMode: 1, IsHumanControllingUs: 0, StartBugReporterOnCrash: 0, Is64bit: 1, IsPro: 0

 COMMAND LINE ARGUMENTS:
D:\Unity\Editor\2020.3.11f1\Editor\Unity.exe
-adb2
-batchMode
-noUpm
-name
AssetImportWorker0
-projectPath
D:/UnityProject/CyberPurr
-logFile
Logs/AssetImportWorker0.log
-srvPort
58109
Successfully changed project path to: D:/UnityProject/CyberPurr
D:/UnityProject/CyberPurr
Using Asset Import Pipeline V2.
Refreshing native plugins compatible for Editor in 47.03 ms, found 3 plugins.
Preloading 0 native plugins for Editor in 0.00 ms.
Initialize engine version: 2020.3.11f1 (99c7afb366b3)
[Subsystems] Discovering subsystems at path D:/Unity/Editor/2020.3.11f1/Editor/Data/Resources/UnitySubsystems
[Subsystems] Discovering subsystems at path D:/UnityProject/CyberPurr/Assets
GfxDevice: creating device client; threaded=0
Direct3D:
    Version:  Direct3D 11.0 [level 11.1]
    Renderer: Intel(R) UHD Graphics 620 (ID=0x5917)
    Vendor:   
    VRAM:     4036 MB
    Driver:   23.20.16.4973
Initialize mono
Mono path[0] = 'D:/Unity/Editor/2020.3.11f1/Editor/Data/Managed'
Mono path[1] = 'D:/Unity/Editor/2020.3.11f1/Editor/Data/MonoBleedingEdge/lib/mono/unityjit'
Mono config path = 'D:/Unity/Editor/2020.3.11f1/Editor/Data/MonoBleedingEdge/etc'
Using monoOptions --debugger-agent=transport=dt_socket,embedding=1,server=y,suspend=n,address=127.0.0.1:56588
Begin MonoManager ReloadAssembly
Registering precompiled unity dll's ...
Register platform support module: D:/Unity/Editor/2020.3.11f1/Editor/Data/PlaybackEngines/WindowsStandaloneSupport/UnityEditor.WindowsStandalone.Extensions.dll
Registered in 0.001436 seconds.
Native extension for WindowsStandalone target not found
Refreshing native plugins compatible for Editor in 42.49 ms, found 3 plugins.
Preloading 0 native plugins for Editor in 0.00 ms.
Mono: successfully reloaded assembly
- Completed reload, in  1.455 seconds
Platform modules already initialized, skipping
Registering precompiled user dll's ...
Registered in 0.005258 seconds.
Begin MonoManager ReloadAssembly
Native extension for WindowsStandalone target not found
Refreshing native plugins compatible for Editor in 47.72 ms, found 3 plugins.
Preloading 0 native plugins for Editor in 0.00 ms.
Mono: successfully reloaded assembly
- Completed reload, in  1.614 seconds
Platform modules already initialized, skipping
========================================================================
Worker process is ready to serve import requests
Launched and connected shader compiler UnityShaderCompiler.exe after 0.07 seconds
Refreshing native plugins compatible for Editor in 0.54 ms, found 3 plugins.
Preloading 0 native plugins for Editor in 0.00 ms.
Unloading 2080 Unused Serialized files (Serialized files now loaded: 0)
System memory in use before: 92.7 MB.
System memory in use after: 92.7 MB.

Unloading 33 unused Assets to reduce memory usage. Loaded Objects now: 2513.
Total: 3.120100 ms (FindLiveObjects: 0.285600 ms CreateObjectMapping: 0.079600 ms MarkObjects: 2.564600 ms  DeleteObjects: 0.189300 ms)

========================================================================
Received Import Request.
  path: Assets
  artifactKey: Guid(00000000000000001000000000000000) Importer(815301076,1909f56bfc062723c751e8b465ee728b)
Start importing Assets using Guid(00000000000000001000000000000000) Importer(815301076,1909f56bfc062723c751e8b465ee728b)  -> (artifact id: '42d402b061de3733987d63b9cc3b64de') in 0.014668 seconds
  Import took 0.019672 seconds .

========================================================================
Received Import Request.
  Time since last request: 46.142608 seconds.
  path: Assets/Scripts
  artifactKey: Guid(c4423eeeae4d48f4fbac792886c47902) Importer(815301076,1909f56bfc062723c751e8b465ee728b)
Start importing Assets/Scripts using Guid(c4423eeeae4d48f4fbac792886c47902) Importer(815301076,1909f56bfc062723c751e8b465ee728b)  -> (artifact id: '719a31b8667e12a13a30a41c14ccc38d') in 0.011369 seconds
  Import took 0.016048 seconds .

========================================================================
Received Import Request.
  Time since last request: 23.257572 seconds.
  path: Assets/New Folder
  artifactKey: Guid(dd9c001bf9871574891664e1179b8607) Importer(815301076,1909f56bfc062723c751e8b465ee728b)
Start importing Assets/New Folder using Guid(dd9c001bf9871574891664e1179b8607) Importer(815301076,1909f56bfc062723c751e8b465ee728b)  -> (artifact id: '31c9ac5084ff7bae0cc26e4980289071') in 0.010378 seconds
  Import took 0.015811 seconds .

========================================================================
Received Import Request.
  Time since last request: 10.960129 seconds.
  path: Assets/Prefab
  artifactKey: Guid(dd9c001bf9871574891664e1179b8607) Importer(815301076,1909f56bfc062723c751e8b465ee728b)
Start importing Assets/Prefab using Guid(dd9c001bf9871574891664e1179b8607) Importer(815301076,1909f56bfc062723c751e8b465ee728b)  -> (artifact id: 'ad07c07b7b1ed53d78a2e2dcd9d0ea6c') in 0.008697 seconds
  Import took 0.014765 seconds .

AssetImportWorkerClient::OnTransportError - code=2 error=End of file
